TN:
SF:server/config/mongoose.js
FN:12,(anonymous_0)
FNF:1
FNH:0
FNDA:0,(anonymous_0)
DA:5,1
DA:7,1
DA:12,1
LF:3
LH:3
BRF:0
BRH:0
end_of_record
TN:
SF:server/controller/Users.js
FN:8,(anonymous_0)
FN:15,(anonymous_1)
FN:23,(anonymous_2)
FN:26,(anonymous_3)
FN:28,(anonymous_4)
FN:43,(anonymous_5)
FN:56,(anonymous_6)
FN:80,(anonymous_7)
FN:102,(anonymous_8)
FN:119,(anonymous_9)
FNF:10
FNH:0
FNDA:0,(anonymous_0)
FNDA:0,(anonymous_1)
FNDA:0,(anonymous_2)
FNDA:0,(anonymous_3)
FNDA:0,(anonymous_4)
FNDA:0,(anonymous_5)
FNDA:0,(anonymous_6)
FNDA:0,(anonymous_7)
FNDA:0,(anonymous_8)
FNDA:0,(anonymous_9)
DA:8,1
DA:9,0
DA:10,0
DA:12,0
DA:15,1
DA:16,0
DA:17,0
DA:19,0
DA:22,1
DA:24,0
DA:25,0
DA:27,0
DA:29,0
DA:44,0
DA:46,0
DA:47,0
DA:50,0
DA:52,0
DA:57,0
DA:59,0
DA:60,0
DA:62,0
DA:63,0
DA:66,0
DA:68,0
DA:74,0
DA:76,0
DA:81,0
DA:82,0
DA:84,0
DA:85,0
DA:87,0
DA:88,0
DA:91,0
DA:96,0
DA:98,0
DA:103,0
DA:105,0
DA:106,0
DA:108,0
DA:109,0
DA:112,0
DA:113,0
DA:115,0
DA:120,0
DA:122,0
DA:123,0
DA:125,0
DA:126,0
DA:129,0
DA:131,0
DA:132,0
DA:135,0
DA:144,0
DA:149,0
LF:55
LH:3
BRDA:9,0,0,0
BRDA:9,0,1,0
BRDA:16,1,0,0
BRDA:16,1,1,0
BRDA:62,2,0,0
BRDA:62,2,1,0
BRDA:87,3,0,0
BRDA:87,3,1,0
BRDA:108,4,0,0
BRDA:108,4,1,0
BRDA:125,5,0,0
BRDA:125,5,1,0
BRDA:131,6,0,0
BRDA:131,6,1,0
BRF:14
BRH:0
end_of_record
TN:
SF:server/repository/UsersRepository.js
FN:7,(anonymous_0)
FN:14,(anonymous_1)
FN:19,(anonymous_2)
FN:23,(anonymous_3)
FN:26,(anonymous_4)
FN:29,(anonymous_5)
FN:35,(anonymous_6)
FNF:7
FNH:0
FNDA:0,(anonymous_0)
FNDA:0,(anonymous_1)
FNDA:0,(anonymous_2)
FNDA:0,(anonymous_3)
FNDA:0,(anonymous_4)
FNDA:0,(anonymous_5)
FNDA:0,(anonymous_6)
DA:4,1
DA:6,1
DA:8,0
DA:9,0
DA:10,0
DA:11,0
DA:15,0
DA:16,0
DA:20,0
DA:24,0
DA:27,0
DA:30,0
DA:32,0
DA:36,0
LF:14
LH:2
BRDA:7,0,0,0
BRF:1
BRH:0
end_of_record
TN:
SF:server/schema/Users.js
FNF:0
FNH:0
DA:2,1
DA:4,1
LF:2
LH:2
BRF:0
BRH:0
end_of_record
